2026-02-15 17:53:59.361 -03:00 [INF] User profile is available. Using 'C:\Users\Dieg0\AppData\Local\ASP.NET\DataProtection-Keys' as key repository and Windows DPAPI to encrypt keys at rest.
2026-02-15 17:53:59.445 -03:00 [INF] Now listening on: http://localhost:5000
2026-02-15 17:53:59.448 -03:00 [INF] Application started. Press Ctrl+C to shut down.
2026-02-15 17:53:59.449 -03:00 [INF] Hosting environment: Production
2026-02-15 17:53:59.450 -03:00 [INF] Content root path: C:\Users\Dieg0\source\repos\ClubCanotajeApp\ClubCanotajeApp\bin\Release\net8.0\publish
2026-02-15 17:55:43.017 -03:00 [INF] Request starting HTTP/1.1 GET http://localhost:5000/ - null null
2026-02-15 17:55:43.049 -03:00 [WRN] Failed to determine the https port for redirect.
2026-02-15 17:55:43.105 -03:00 [INF] HTTP GET / responded 404 in 51.6404 ms
2026-02-15 17:55:43.112 -03:00 [INF] Request finished HTTP/1.1 GET http://localhost:5000/ - 404 0 null 98.9424ms
2026-02-15 17:55:43.120 -03:00 [INF] Request reached the end of the middleware pipeline without being handled by application code. Request path: GET http://localhost:5000/, Response status code: 404
2026-02-15 17:55:52.265 -03:00 [INF] Request starting HTTP/1.1 POST http://localhost:5000/api/Auth/login - application/json 52
2026-02-15 17:55:52.271 -03:00 [INF] Executing endpoint 'ClubCanotajeAPI.Controller.AuthController.Login (ClubCanotajeApp)'
2026-02-15 17:55:52.289 -03:00 [INF] Route matched with {action = "Login", controller = "Auth"}. Executing controller action with signature System.Threading.Tasks.Task`1[Microsoft.AspNetCore.Mvc.IActionResult] Login(ClubCanotajeAPI.Models.Dtos.Auth.LoginRequest) on controller ClubCanotajeAPI.Controller.AuthController (ClubCanotajeApp).
2026-02-15 17:55:53.044 -03:00 [WRN] No store type was specified for the decimal property 'Precio' on entity type 'TipoMembresia'. This will cause values to be silently truncated if they do not fit in the default precision and scale. Explicitly specify the SQL server column type that can accommodate all the values in 'OnModelCreating' using 'HasColumnType', specify precision and scale using 'HasPrecision', or configure a value converter using 'HasConversion'.
2026-02-15 17:55:53.045 -03:00 [WRN] No store type was specified for the decimal property 'Monto' on entity type 'Cuota'. This will cause values to be silently truncated if they do not fit in the default precision and scale. Explicitly specify the SQL server column type that can accommodate all the values in 'OnModelCreating' using 'HasColumnType', specify precision and scale using 'HasPrecision', or configure a value converter using 'HasConversion'.
2026-02-15 17:55:53.047 -03:00 [WRN] No store type was specified for the decimal property 'MontoPagado' on entity type 'Pago'. This will cause values to be silently truncated if they do not fit in the default precision and scale. Explicitly specify the SQL server column type that can accommodate all the values in 'OnModelCreating' using 'HasColumnType', specify precision and scale using 'HasPrecision', or configure a value converter using 'HasConversion'.
2026-02-15 17:55:53.716 -03:00 [INF] Executed DbCommand (45ms) [Parameters=[@__username_0='?' (Size = 450)], CommandType='"Text"', CommandTimeout='30']
SELECT TOP(1) [u].[id_usuario], [u].[activo], [u].[fecha_creacion], [u].[id_instructor], [u].[id_remador], [u].[id_rol], [u].[password_hash], [u].[ultimo_acceso], [u].[username], [r].[id_rol], [r].[descripcion], [r].[nombre], [r0].[id_remador], [r0].[apellido_materno], [r0].[apellido_paterno], [r0].[cert_medica_vence], [r0].[direccion], [r0].[email], [r0].[fecha_creacion], [r0].[fecha_ingreso], [r0].[fecha_modificacion], [r0].[fecha_nacimiento], [r0].[fecha_retiro], [r0].[foto_url], [r0].[genero], [r0].[id_categoria], [r0].[id_estado], [r0].[nombre_contacto_emergencia], [r0].[nombres], [r0].[observaciones], [r0].[rut], [r0].[telefono], [r0].[telefono_emergencia], [r0].[tiene_remo_propio], [r0].[tiene_salvavidas_propio], [i].[id_instructor], [i].[activo], [i].[apellido_materno], [i].[apellido_paterno], [i].[bio], [i].[email], [i].[fecha_creacion], [i].[fecha_egreso], [i].[fecha_ingreso], [i].[id_remador], [i].[nombres], [i].[rut], [i].[telefono]
FROM [UsuarioSistema] AS [u]
INNER JOIN [RolSistema] AS [r] ON [u].[id_rol] = [r].[id_rol]
LEFT JOIN [Remador] AS [r0] ON [u].[id_remador] = [r0].[id_remador]
LEFT JOIN [Instructor] AS [i] ON [u].[id_instructor] = [i].[id_instructor]
WHERE [u].[username] = @__username_0 AND [u].[activo] = CAST(1 AS bit)
2026-02-15 17:55:54.398 -03:00 [INF] Executed DbCommand (6ms) [Parameters=[@p1='?' (DbType = Int32), @p0='?' (DbType = DateTime2)], CommandType='"Text"', CommandTimeout='30']
SET IMPLICIT_TRANSACTIONS OFF;
SET NOCOUNT ON;
UPDATE [UsuarioSistema] SET [ultimo_acceso] = @p0
OUTPUT 1
WHERE [id_usuario] = @p1;
2026-02-15 17:55:54.432 -03:00 [INF] Executing OkObjectResult, writing value of type 'ClubCanotajeAPI.Models.Dtos.Common.ApiResponse`1[[ClubCanotajeAPI.Models.Dtos.Auth.LoginResponse, ClubCanotajeApp, Version=1.0.0.0, Culture=neutral, PublicKeyToken=null]]'.
2026-02-15 17:55:54.455 -03:00 [INF] Executed action ClubCanotajeAPI.Controller.AuthController.Login (ClubCanotajeApp) in 2161.3609ms
2026-02-15 17:55:54.457 -03:00 [INF] Executed endpoint 'ClubCanotajeAPI.Controller.AuthController.Login (ClubCanotajeApp)'
2026-02-15 17:55:54.458 -03:00 [INF] HTTP POST /api/Auth/login responded 200 in 2189.1036 ms
2026-02-15 17:55:54.466 -03:00 [INF] Request finished HTTP/1.1 POST http://localhost:5000/api/Auth/login - 200 null application/json; charset=utf-8 2200.4081ms
